<?xml version="1.0" encoding="UTF-8"?>
<!-- Generated by org.testng.reporters.JUnitXMLReporter -->
<testsuite ignored="0" hostname="LAPTOP-KU0SCGFM" failures="0" tests="3" name="Surefire test" time="10.684" errors="0" timestamp="2026-03-19T17:26:54 IST">
  <testcase classname="com.qa.tests.LoginTest" name="addToCartTest" time="0.988"/>
  <testcase classname="com.qa.tests.LoginTest" name="invalidLoginTest" time="0.432"/>
  <testcase classname="com.qa.tests.LoginTest" name="validLoginTest" time="0.448"/>
</testsuite> <!-- Surefire test -->
