<?xml version="1.0" encoding="UTF-8"?>
<testng-results ignored="0" total="3" passed="3" failed="0" skipped="0">
  <reporter-output>
  </reporter-output>
  <suite started-at="2026-03-19T17:26:43 IST" name="Surefire suite" finished-at="2026-03-19T17:26:54 IST" duration-ms="10684">
    <groups>
    </groups>
    <test started-at="2026-03-19T17:26:43 IST" name="Surefire test" finished-at="2026-03-19T17:26:54 IST" duration-ms="10684">
      <class name="com.qa.tests.LoginTest">
        <test-method is-config="true" signature="setUp()[pri:0, instance:com.qa.tests.LoginTest@2053d869]" started-at="2026-03-19T17:26:43 IST" name="setUp" finished-at="2026-03-19T17:26:48 IST" duration-ms="4569" status="PASS">
          <reporter-output>
          </reporter-output>
        </test-method> <!-- setUp -->
        <test-method signature="addToCartTest()[pri:0, instance:com.qa.tests.LoginTest@2053d869]" started-at="2026-03-19T17:26:48 IST" name="addToCartTest" finished-at="2026-03-19T17:26:49 IST" duration-ms="988" status="PASS">
          <reporter-output>
          </reporter-output>
        </test-method> <!-- addToCartTest -->
        <test-method is-config="true" signature="tearDownTest()[pri:0, instance:com.qa.tests.LoginTest@2053d869]" started-at="2026-03-19T17:26:49 IST" name="tearDownTest" finished-at="2026-03-19T17:26:49 IST" duration-ms="466" status="PASS">
          <reporter-output>
          </reporter-output>
        </test-method> <!-- tearDownTest -->
        <test-method is-config="true" signature="setUp()[pri:0, instance:com.qa.tests.LoginTest@2053d869]" started-at="2026-03-19T17:26:49 IST" name="setUp" finished-at="2026-03-19T17:26:51 IST" duration-ms="1542" status="PASS">
          <reporter-output>
          </reporter-output>
        </test-method> <!-- setUp -->
        <test-method signature="invalidLoginTest()[pri:0, instance:com.qa.tests.LoginTest@2053d869]" started-at="2026-03-19T17:26:51 IST" name="invalidLoginTest" finished-at="2026-03-19T17:26:51 IST" duration-ms="432" status="PASS">
          <reporter-output>
          </reporter-output>
        </test-method> <!-- invalidLoginTest -->
        <test-method is-config="true" signature="tearDownTest()[pri:0, instance:com.qa.tests.LoginTest@2053d869]" started-at="2026-03-19T17:26:51 IST" name="tearDownTest" finished-at="2026-03-19T17:26:51 IST" duration-ms="447" status="PASS">
          <reporter-output>
          </reporter-output>
        </test-method> <!-- tearDownTest -->
        <test-method is-config="true" signature="setUp()[pri:0, instance:com.qa.tests.LoginTest@2053d869]" started-at="2026-03-19T17:26:51 IST" name="setUp" finished-at="2026-03-19T17:26:53 IST" duration-ms="1517" status="PASS">
          <reporter-output>
          </reporter-output>
        </test-method> <!-- setUp -->
        <test-method signature="validLoginTest()[pri:0, instance:com.qa.tests.LoginTest@2053d869]" started-at="2026-03-19T17:26:53 IST" name="validLoginTest" finished-at="2026-03-19T17:26:53 IST" duration-ms="448" status="PASS">
          <reporter-output>
          </reporter-output>
        </test-method> <!-- validLoginTest -->
        <test-method is-config="true" signature="tearDownTest()[pri:0, instance:com.qa.tests.LoginTest@2053d869]" started-at="2026-03-19T17:26:53 IST" name="tearDownTest" finished-at="2026-03-19T17:26:54 IST" duration-ms="228" status="PASS">
          <reporter-output>
          </reporter-output>
        </test-method> <!-- tearDownTest -->
        <test-method is-config="true" signature="generateReport()[pri:0, instance:com.qa.tests.LoginTest@2053d869]" started-at="2026-03-19T17:26:54 IST" name="generateReport" finished-at="2026-03-19T17:26:54 IST" duration-ms="775" status="PASS">
          <reporter-output>
          </reporter-output>
        </test-method> <!-- generateReport -->
      </class> <!-- com.qa.tests.LoginTest -->
    </test> <!-- Surefire test -->
  </suite> <!-- Surefire suite -->
</testng-results>
