<?xml version="1.0" encoding="UTF-8"?>
<!-- Generated by org.testng.reporters.JUnitReportReporter -->
<testsuite hostname="LAPTOP-KU0SCGFM" failures="0" tests="3" name="com.qa.tests.LoginTest" time="10.637" errors="0" timestamp="2026-03-19T17:26:55 IST" skipped="0">
  <testcase classname="com.qa.tests.LoginTest" name="validLoginTest" time="5.464"/>
  <testcase classname="com.qa.tests.LoginTest" name="addToCartTest" time="2.996"/>
  <testcase classname="com.qa.tests.LoginTest" name="invalidLoginTest" time="2.177"/>
</testsuite> <!-- com.qa.tests.LoginTest -->
